<?xml version="1.0" encoding="UTF-8"?>
<!-- Generated by org.testng.reporters.JUnitReportReporter -->
<testsuite hostname="DESKTOP-F6BA6C8" failures="0" tests="6" name="WorkinhWithunitTestingTools.EcommerceAppEx" time="0.045" errors="0" timestamp="2024-03-06T16:11:34 IST" skipped="0">
  <testcase classname="WorkinhWithunitTestingTools.EcommerceAppEx" name="register" time="0.008"/>
  <system-out/>
  <testcase classname="WorkinhWithunitTestingTools.EcommerceAppEx" name="login" time="0.008"/>
  <system-out/>
  <testcase classname="WorkinhWithunitTestingTools.EcommerceAppEx" name="searchForProduct" time="0.007"/>
  <system-out/>
  <testcase classname="WorkinhWithunitTestingTools.EcommerceAppEx" name="payment" time="0.004"/>
  <system-out/>
  <testcase classname="WorkinhWithunitTestingTools.EcommerceAppEx" name="addToCart" time="0.015"/>
  <system-out/>
  <testcase classname="WorkinhWithunitTestingTools.EcommerceAppEx" name="closeTheApp" time="0.003"/>
  <system-out/>
</testsuite> <!-- WorkinhWithunitTestingTools.EcommerceAppEx -->
