<?xml version="1.0" encoding="UTF-8"?>
<!-- Generated by org.testng.reporters.JUnitReportReporter -->
<testsuite hostname="DESKTOP-F6BA6C8" failures="0" tests="1" name="WorkinhWithunitTestingTools.WorkingWithHardAssertEx1" time="91.826" errors="0" timestamp="2024-03-13T16:20:27 IST" skipped="0">
  <testcase classname="WorkinhWithunitTestingTools.WorkingWithHardAssertEx1" name="url" time="91.826"/>
  <system-out>
    <![CDATA[User is able to open empty Browser
User is able to maximize the Browser
User is able to open the BMW url]]>
  </system-out>
</testsuite> <!-- WorkinhWithunitTestingTools.WorkingWithHardAssertEx1 -->
