<?xml version="1.0" encoding="UTF-8"?>
<!-- Generated by org.testng.reporters.JUnitReportReporter -->
<testsuite hostname="DESKTOP-F6BA6C8" failures="0" tests="1" name="TestScripts.BenzCar" time="15.348" errors="0" timestamp="2024-03-21T12:21:07 IST" skipped="0">
  <testcase classname="TestScripts.BenzCar" name="sugar" time="15.348"/>
  <system-out/>
</testsuite> <!-- TestScripts.BenzCar -->
