<?xml version="1.0" encoding="UTF-8"?>
<!-- Generated by org.testng.reporters.JUnitReportReporter -->
<testsuite hostname="DESKTOP-F6BA6C8" failures="0" tests="2" name="WorkinhWithunitTestingTools.WorkingWithDataProvider" time="0.012" errors="0" timestamp="2024-03-19T19:07:42 IST" skipped="0">
  <testcase classname="WorkinhWithunitTestingTools.WorkingWithDataProvider" name="dataDemo" time="0.010"/>
  <system-out/>
  <testcase classname="WorkinhWithunitTestingTools.WorkingWithDataProvider" name="dataDemo" time="0.002"/>
  <system-out/>
</testsuite> <!-- WorkinhWithunitTestingTools.WorkingWithDataProvider -->
