<?xml version="1.0" encoding="UTF-8"?>
<!-- Generated by org.testng.reporters.JUnitReportReporter -->
<testsuite hostname="DESKTOP-F6BA6C8" failures="0" tests="3" name="WorkinhWithunitTestingTools.WorkingWithChronilogicalOrder" time="0.028" errors="0" timestamp="2024-03-08T16:17:07 IST" skipped="0">
  <testcase classname="WorkinhWithunitTestingTools.WorkingWithChronilogicalOrder" name="test" time="0.011"/>
  <system-out/>
  <testcase classname="WorkinhWithunitTestingTools.WorkingWithChronilogicalOrder" name="Execute" time="0.011"/>
  <system-out/>
  <testcase classname="WorkinhWithunitTestingTools.WorkingWithChronilogicalOrder" name="run" time="0.006"/>
  <system-out/>
</testsuite> <!-- WorkinhWithunitTestingTools.WorkingWithChronilogicalOrder -->
