<?xml version="1.0" encoding="UTF-8"?>
<!-- Generated by org.testng.reporters.JUnitReportReporter -->
<testsuite hostname="DESKTOP-F6BA6C8" failures="0" tests="1" name="TestScripts.Sugar" time="14.113" errors="0" timestamp="2024-03-11T15:21:24 IST" skipped="0">
  <testcase classname="TestScripts.Sugar" name="sugar" time="14.113"/>
  <system-out/>
</testsuite> <!-- TestScripts.Sugar -->
