<?xml version="1.0" encoding="UTF-8"?>
<!-- Generated by org.testng.reporters.JUnitReportReporter -->
<testsuite hostname="DESKTOP-F6BA6C8" failures="0" tests="1" name="WorkinhWithunitTestingTools.WorkingWithCrossBrowserTesting" time="7.110" errors="0" timestamp="2024-03-21T11:56:24 IST" skipped="0">
  <testcase classname="WorkinhWithunitTestingTools.WorkingWithCrossBrowserTesting" name="browser" time="7.110"/>
  <system-out/>
</testsuite> <!-- WorkinhWithunitTestingTools.WorkingWithCrossBrowserTesting -->
