<?xml version="1.0" encoding="UTF-8"?>
<!-- Generated by org.testng.reporters.JUnitReportReporter -->
<testsuite hostname="DESKTOP-F6BA6C8" failures="0" tests="1" name="TestScripts.Myntra" time="17.429" errors="0" timestamp="2024-03-11T15:21:24 IST" skipped="0">
  <testcase classname="TestScripts.Myntra" name="myntra" time="17.429"/>
  <system-out/>
</testsuite> <!-- TestScripts.Myntra -->
