<?xml version="1.0" encoding="UTF-8"?>
<!-- Generated by org.testng.reporters.JUnitReportReporter -->
<testsuite hostname="DESKTOP-F6BA6C8" failures="0" tests="1" name="TestScripts.Meesho" time="6.178" errors="0" timestamp="2024-03-11T15:21:24 IST" skipped="0">
  <testcase classname="TestScripts.Meesho" name="meesho" time="6.178"/>
  <system-out/>
</testsuite> <!-- TestScripts.Meesho -->
