<?xml version="1.0" encoding="UTF-8"?>
<!-- Generated by org.testng.reporters.JUnitReportReporter -->
<testsuite hostname="DESKTOP-F6BA6C8" failures="0" tests="1" name="WorkinhWithunitTestingTools.Group" time="16.036" errors="0" timestamp="2024-03-07T16:35:23 IST" skipped="0">
  <testcase classname="WorkinhWithunitTestingTools.Group" name="bookMyShow" time="16.036"/>
  <system-out/>
</testsuite> <!-- WorkinhWithunitTestingTools.Group -->
