<?xml version="1.0" encoding="UTF-8"?>
<!-- Generated by org.testng.reporters.JUnitReportReporter -->
<testsuite hostname="DESKTOP-F6BA6C8" failures="0" tests="1" name="POM.Tc_Reg_001" time="2.880" errors="0" timestamp="2024-03-19T16:51:59 IST" skipped="0">
  <testcase classname="POM.Tc_Reg_001" name="register" time="2.880"/>
  <system-out/>
</testsuite> <!-- POM.Tc_Reg_001 -->
