<?xml version="1.0" encoding="UTF-8"?>
<!-- Generated by org.testng.reporters.JUnitReportReporter -->
<testsuite hostname="DESKTOP-F6BA6C8" failures="0" tests="1" name="TestScripts.Suzuki" time="12.527" errors="0" timestamp="2024-03-21T11:54:09 IST" skipped="0">
  <testcase classname="TestScripts.Suzuki" name="suzuki" time="12.527"/>
  <system-out/>
</testsuite> <!-- TestScripts.Suzuki -->
