<?xml version="1.0" encoding="UTF-8"?>
<!-- Generated by org.testng.reporters.JUnitReportReporter -->
<testsuite hostname="DESKTOP-F6BA6C8" failures="0" tests="1" name="TestScripts.Toyota" time="10.545" errors="0" timestamp="2024-03-21T11:54:09 IST" skipped="0">
  <testcase classname="TestScripts.Toyota" name="toyota" time="10.545"/>
  <system-out/>
</testsuite> <!-- TestScripts.Toyota -->
