<?xml version="1.0" encoding="UTF-8"?>
<!-- Generated by org.testng.reporters.JUnitReportReporter -->
<testsuite hostname="DESKTOP-F6BA6C8" failures="0" tests="7" name="WorkingWithreadData.ReadMultipleDataFromDemoWebShop" time="105.120" errors="0" timestamp="2024-03-27T21:28:21 IST" skipped="0">
  <testcase classname="WorkingWithreadData.ReadMultipleDataFromDemoWebShop" name="registerUser" time="11.886"/>
  <system-out/>
  <testcase classname="WorkingWithreadData.ReadMultipleDataFromDemoWebShop" name="registerUser" time="13.227"/>
  <system-out/>
  <testcase classname="WorkingWithreadData.ReadMultipleDataFromDemoWebShop" name="registerUser" time="12.607"/>
  <system-out/>
  <testcase classname="WorkingWithreadData.ReadMultipleDataFromDemoWebShop" name="registerUser" time="14.240"/>
  <system-out/>
  <testcase classname="WorkingWithreadData.ReadMultipleDataFromDemoWebShop" name="registerUser" time="15.161"/>
  <system-out/>
  <testcase classname="WorkingWithreadData.ReadMultipleDataFromDemoWebShop" name="registerUser" time="23.710"/>
  <system-out/>
  <testcase classname="WorkingWithreadData.ReadMultipleDataFromDemoWebShop" name="registerUser" time="14.289"/>
  <system-out/>
</testsuite> <!-- WorkingWithreadData.ReadMultipleDataFromDemoWebShop -->
