<?xml version="1.0" encoding="UTF-8"?>
<!-- Generated by org.testng.reporters.JUnitReportReporter -->
<testsuite hostname="DESKTOP-F6BA6C8" failures="0" tests="1" name="TestScripts.FacesCanada" time="21.408" errors="0" timestamp="2024-03-21T12:21:07 IST" skipped="0">
  <testcase classname="TestScripts.FacesCanada" name="facesCanada" time="21.408"/>
  <system-out/>
</testsuite> <!-- TestScripts.FacesCanada -->
