<?xml version="1.0" encoding="UTF-8"?>
<!-- Generated by org.testng.reporters.JUnitReportReporter -->
<testsuite hostname="DESKTOP-F6BA6C8" failures="0" tests="1" name="WorkinhWithunitTestingTools.FirstProgram" time="0.015" errors="0" timestamp="2024-03-06T15:29:05 IST" skipped="0">
  <testcase classname="WorkinhWithunitTestingTools.FirstProgram" name="run" time="0.015"/>
  <system-out>
    <![CDATA[Hello Test NG]]>
  </system-out>
</testsuite> <!-- WorkinhWithunitTestingTools.FirstProgram -->
