<?xml version="1.0" encoding="UTF-8"?>
<!-- Generated by org.testng.reporters.JUnitReportReporter -->
<testsuite hostname="DESKTOP-F6BA6C8" failures="0" tests="3" name="WorkinhWithunitTestingTools.MobileGroup" time="38.004" errors="0" timestamp="2024-03-07T16:43:15 IST" skipped="0">
  <testcase classname="WorkinhWithunitTestingTools.MobileGroup" name="Vivo" time="7.899"/>
  <system-out/>
  <testcase classname="WorkinhWithunitTestingTools.MobileGroup" name="Poco" time="16.753"/>
  <system-out/>
  <testcase classname="WorkinhWithunitTestingTools.MobileGroup" name="Oppo" time="13.352"/>
  <system-out/>
</testsuite> <!-- WorkinhWithunitTestingTools.MobileGroup -->
