<?xml version="1.0" encoding="UTF-8"?>
<!-- Generated by org.testng.reporters.JUnitReportReporter -->
<testsuite hostname="DESKTOP-F6BA6C8" failures="0" tests="1" name="WorkinhWithunitTestingTools.WorkingwithSoftAssertEx1" time="16.041" errors="0" timestamp="2024-03-14T11:05:10 IST" skipped="0">
  <testcase classname="WorkinhWithunitTestingTools.WorkingwithSoftAssertEx1" name="url" time="16.041"/>
  <system-out>
    <![CDATA[User is able to open empty Browser
User is able to maximize the Browser
User is able to open the DemoWebShop]]>
  </system-out>
</testsuite> <!-- WorkinhWithunitTestingTools.WorkingwithSoftAssertEx1 -->
