<?xml version="1.0" encoding="UTF-8"?>
<!-- Generated by org.testng.reporters.JUnitReportReporter -->
<testsuite hostname="DESKTOP-F6BA6C8" failures="0" tests="5" name="WorkinhWithunitTestingTools.LaunchBrowser" time="45.476" errors="0" timestamp="2024-03-07T15:28:39 IST" skipped="0">
  <testcase classname="WorkinhWithunitTestingTools.LaunchBrowser" name="launch" time="4.418"/>
  <system-out/>
  <testcase classname="WorkinhWithunitTestingTools.LaunchBrowser" name="launch" time="6.245"/>
  <system-out/>
  <testcase classname="WorkinhWithunitTestingTools.LaunchBrowser" name="launch" time="9.913"/>
  <system-out/>
  <testcase classname="WorkinhWithunitTestingTools.LaunchBrowser" name="launch" time="12.725"/>
  <system-out/>
  <testcase classname="WorkinhWithunitTestingTools.LaunchBrowser" name="launch" time="12.175"/>
  <system-out/>
</testsuite> <!-- WorkinhWithunitTestingTools.LaunchBrowser -->
