<?xml version="1.0" encoding="UTF-8"?>
<!-- Generated by org.testng.reporters.JUnitReportReporter -->
<testsuite hostname="DESKTOP-F6BA6C8" failures="0" tests="1" name="WorkinhWithunitTestingTools.CrossBrowserTesting" time="18.204" errors="0" timestamp="2024-03-13T15:33:37 IST" skipped="0">
  <testcase classname="WorkinhWithunitTestingTools.CrossBrowserTesting" name="browser" time="18.204"/>
  <system-out/>
</testsuite> <!-- WorkinhWithunitTestingTools.CrossBrowserTesting -->
