<?xml version="1.0" encoding="UTF-8"?>
<!-- Generated by org.testng.reporters.JUnitReportReporter -->
<testsuite hostname="DESKTOP-F6BA6C8" failures="0" tests="1" name="WorkingWithTestNgProject.DemoWebShopRegistration" time="8.198" errors="0" timestamp="2024-03-14T11:32:24 IST" skipped="0">
  <testcase classname="WorkingWithTestNgProject.DemoWebShopRegistration" name="verify_that_user_can_able_to_register_DemoWebShop_page" time="8.198"/>
  <system-out>
    <![CDATA[user can able to open demowebshop welcome page
user can able to click on register button]]>
  </system-out>
</testsuite> <!-- WorkingWithTestNgProject.DemoWebShopRegistration -->
