<?xml version="1.0" encoding="UTF-8"?>
<!-- Generated by org.testng.reporters.JUnitReportReporter -->
<testsuite hostname="DESKTOP-F6BA6C8" failures="0" tests="1" name="WorkingWithTestNgProject.TC_Demo_001" time="31.115" errors="0" timestamp="2024-03-12T16:05:41 IST" skipped="0">
  <testcase classname="WorkingWithTestNgProject.TC_Demo_001" name="Validate_that_user_is_able_to_click_on_wishlist_button" time="31.115"/>
  <system-out/>
</testsuite> <!-- WorkingWithTestNgProject.TC_Demo_001 -->
