<?xml version="1.0" encoding="UTF-8"?>
<!-- Generated by org.testng.reporters.JUnitReportReporter -->
<testsuite hostname="DESKTOP-F6BA6C8" failures="0" tests="1" name="WorkinhWithunitTestingTools.PaymentGroup" time="9.709" errors="0" timestamp="2024-03-07T16:43:15 IST" skipped="0">
  <testcase classname="WorkinhWithunitTestingTools.PaymentGroup" name="cred" time="9.709"/>
  <system-out/>
</testsuite> <!-- WorkinhWithunitTestingTools.PaymentGroup -->
