<?xml version="1.0" encoding="UTF-8"?>
<!-- Generated by org.testng.reporters.JUnitReportReporter -->
<testsuite hostname="DESKTOP-F6BA6C8" failures="0" tests="1" name="WorkinhWithunitTestingTools.WorkingWithHardAssert" time="27.151" errors="0" timestamp="2024-03-13T16:09:03 IST" skipped="0">
  <testcase classname="WorkinhWithunitTestingTools.WorkingWithHardAssert" name="url" time="27.151"/>
  <system-out>
    <![CDATA[User is able to open empty Browser
User is able to maximize the Browser
User is able to open the DemoWebShop]]>
  </system-out>
</testsuite> <!-- WorkinhWithunitTestingTools.WorkingWithHardAssert -->
