<?xml version="1.0" encoding="UTF-8"?>
<!-- Generated by org.testng.reporters.JUnitReportReporter -->
<testsuite hostname="DESKTOP-F6BA6C8" failures="0" tests="3" name="WorkinhWithunitTestingTools.WorkingwithDependsOnGroup" time="42.614" errors="0" timestamp="2024-03-07T16:35:23 IST" skipped="0">
  <testcase classname="WorkinhWithunitTestingTools.WorkingwithDependsOnGroup" name="rapido" time="11.256"/>
  <system-out/>
  <testcase classname="WorkinhWithunitTestingTools.WorkingwithDependsOnGroup" name="uber" time="11.366"/>
  <system-out/>
  <testcase classname="WorkinhWithunitTestingTools.WorkingwithDependsOnGroup" name="ola" time="19.992"/>
  <system-out/>
</testsuite> <!-- WorkinhWithunitTestingTools.WorkingwithDependsOnGroup -->
