<?xml version="1.0" encoding="UTF-8"?>
<!-- Generated by org.testng.reporters.JUnitReportReporter -->
<testsuite hostname="DESKTOP-F6BA6C8" failures="0" tests="1" name="POM.Tc_Reg_002" time="4.317" errors="0" timestamp="2024-03-19T16:28:41 IST" skipped="0">
  <testcase classname="POM.Tc_Reg_002" name="searchProduct" time="4.317"/>
  <system-out/>
</testsuite> <!-- POM.Tc_Reg_002 -->
