<?xml version="1.0" encoding="UTF-8"?>
<!-- Generated by org.testng.reporters.JUnitReportReporter -->
<testsuite hostname="DESKTOP-F6BA6C8" failures="0" tests="1" name="TestScripts.LakMe" time="25.083" errors="0" timestamp="2024-03-21T12:21:07 IST" skipped="0">
  <testcase classname="TestScripts.LakMe" name="lakMe" time="25.083"/>
  <system-out/>
</testsuite> <!-- TestScripts.LakMe -->
