<?xml version="1.0" encoding="UTF-8"?>
<!-- Generated by org.testng.reporters.JUnitReportReporter -->
<testsuite hostname="DESKTOP-F6BA6C8" failures="0" tests="6" name="WorkinhWithunitTestingTools.PriorityTestNgEx" time="0.042" errors="0" timestamp="2024-03-07T15:58:13 IST" skipped="1">
  <testcase classname="WorkinhWithunitTestingTools.PriorityTestNgEx" name="payment" time="0.017"/>
  <system-out/>
  <testcase classname="WorkinhWithunitTestingTools.PriorityTestNgEx" name="register" time="0.005"/>
  <system-out/>
  <testcase classname="WorkinhWithunitTestingTools.PriorityTestNgEx" name="login" time="0.002"/>
  <system-out/>
  <testcase classname="WorkinhWithunitTestingTools.PriorityTestNgEx" name="searchForProduct" time="0.002"/>
  <system-out/>
  <testcase classname="WorkinhWithunitTestingTools.PriorityTestNgEx" name="addToCart" time="0.016"/>
  <system-out/>
  <testcase classname="WorkinhWithunitTestingTools.PriorityTestNgEx" name="closeTheApp">
    <skipped/>
  </testcase> <!-- closeTheApp -->
  <system-out/>
</testsuite> <!-- WorkinhWithunitTestingTools.PriorityTestNgEx -->
