<?xml version="1.0" encoding="UTF-8"?>
<!-- Generated by org.testng.reporters.JUnitReportReporter -->
<testsuite hostname="DESKTOP-F6BA6C8" failures="0" tests="1" name="TestScripts.Maybelline" time="20.169" errors="0" timestamp="2024-03-11T15:25:04 IST" skipped="0">
  <testcase classname="TestScripts.Maybelline" name="maybelline" time="20.169"/>
  <system-out/>
</testsuite> <!-- TestScripts.Maybelline -->
