<?xml version="1.0" encoding="UTF-8"?>
<!-- Generated by org.testng.reporters.JUnitReportReporter -->
<testsuite hostname="DESKTOP-F6BA6C8" failures="0" tests="1" name="GenericMethods.ToReadDataFromPropFile" time="11.509" errors="0" timestamp="2024-03-18T15:51:32 IST" skipped="0">
  <testcase classname="GenericMethods.ToReadDataFromPropFile" name="toOpenDemoWebShop" time="11.509"/>
  <system-out/>
</testsuite> <!-- GenericMethods.ToReadDataFromPropFile -->
