<?xml version="1.0" encoding="UTF-8"?>
<!-- Generated by org.testng.reporters.JUnitReportReporter -->
<testsuite hostname="DESKTOP-F6BA6C8" failures="0" tests="5" name="WorkinhWithunitTestingTools.WorkinhWithDependsOnMethod" time="0.019" errors="0" timestamp="2024-03-07T15:55:27 IST" skipped="0">
  <testcase classname="WorkinhWithunitTestingTools.WorkinhWithDependsOnMethod" name="payment" time="0.002"/>
  <system-out/>
  <testcase classname="WorkinhWithunitTestingTools.WorkinhWithDependsOnMethod" name="searchForProduct" time="0.001"/>
  <system-out/>
  <testcase classname="WorkinhWithunitTestingTools.WorkinhWithDependsOnMethod" name="register" time="0.002"/>
  <system-out/>
  <testcase classname="WorkinhWithunitTestingTools.WorkinhWithDependsOnMethod" name="login" time="0.002"/>
  <system-out/>
  <testcase classname="WorkinhWithunitTestingTools.WorkinhWithDependsOnMethod" name="Cart" time="0.012"/>
  <system-out/>
</testsuite> <!-- WorkinhWithunitTestingTools.WorkinhWithDependsOnMethod -->
