<?xml version="1.0" encoding="UTF-8"?>
<!-- Generated by org.testng.reporters.JUnitReportReporter -->
<testsuite hostname="DESKTOP-F6BA6C8" failures="0" tests="1" name="POM.StaleElementExcepusingPOM" time="15.286" errors="0" timestamp="2024-03-20T15:34:25 IST" skipped="0">
  <testcase classname="POM.StaleElementExcepusingPOM" name="searchProd" time="15.286"/>
  <system-out/>
</testsuite> <!-- POM.StaleElementExcepusingPOM -->
